This is pdfTeX, Version 3.141592653-2.6-1.40.25 (TeX Live 2023/Debian) (preloaded format=pdflatex 2024.10.7)  21 OCT 2024 15:35
entering extended mode
 restricted \write18 enabled.
 file:line:error style messages enabled.
 %&-line parsing enabled.
**/home/azi/Desktop/Sicurezza-del-Software/main.tex
(/home/azi/Desktop/Sicurezza-del-Software/main.tex
LaTeX2e <2023-11-01> patch level 1
L3 programming layer <2024-01-22>
(/usr/share/texlive/texmf-dist/tex/latex/base/report.cls
Document Class: report 2023/05/17 v1.4n Standard LaTeX document class
(/usr/share/texlive/texmf-dist/tex/latex/base/size10.clo
File: size10.clo 2023/05/17 v1.4n Standard LaTeX file (size option)
)
\c@part=\count187
\c@chapter=\count188
\c@section=\count189
\c@subsection=\count190
\c@subsubsection=\count191
\c@paragraph=\count192
\c@subparagraph=\count193
\c@figure=\count194
\c@table=\count195
\abovecaptionskip=\skip48
\belowcaptionskip=\skip49
\bibindent=\dimen140
) (/usr/share/texlive/texmf-dist/tex/latex/graphics/graphicx.sty
Package: graphicx 2021/09/16 v1.2d Enhanced LaTeX Graphics (DPC,SPQR)
 (/usr/share/texlive/texmf-dist/tex/latex/graphics/keyval.sty
Package: keyval 2022/05/29 v1.15 key=value parser (DPC)
\KV@toks@=\toks17
) (/usr/share/texlive/texmf-dist/tex/latex/graphics/graphics.sty
Package: graphics 2022/03/10 v1.4e Standard LaTeX Graphics (DPC,SPQR)
 (/usr/share/texlive/texmf-dist/tex/latex/graphics/trig.sty
Package: trig 2021/08/11 v1.11 sin cos tan (DPC)
) (/usr/share/texlive/texmf-dist/tex/latex/graphics-cfg/graphics.cfg
File: graphics.cfg 2016/06/04 v1.11 sample graphics configuration
)
Package graphics Info: Driver file: pdftex.def on input line 107.
 (/usr/share/texlive/texmf-dist/tex/latex/graphics-def/pdftex.def
File: pdftex.def 2022/09/22 v1.2b Graphics/color driver for pdftex
))
\Gin@req@height=\dimen141
\Gin@req@width=\dimen142
) (/usr/share/texlive/texmf-dist/tex/generic/babel/babel.sty
Package: babel 2024/01/07 v24.1 The Babel package
\babel@savecnt=\count196
\U@D=\dimen143
\l@unhyphenated=\language89
 (/usr/share/texlive/texmf-dist/tex/generic/babel/txtbabel.def)
\bbl@readstream=\read2
\bbl@dirlevel=\count197
 (/usr/share/texlive/texmf-dist/tex/generic/babel-italian/italian.ldf
Language: italian 2024/01/03 v.1.5.00 Italian support for the babel system
\it@lettering=\count198
\it@doublequoteactive=\count199
\it@ISOcompliance=\count266
)) (/usr/share/texlive/texmf-dist/tex/generic/babel/locale/it/babel-italian.tex
Package babel Info: Importing font and identification data for italian
(babel)             from babel-it.ini. Reported on input line 11.
) (/usr/share/texlive/texmf-dist/tex/latex/etoolbox/etoolbox.sty
Package: etoolbox 2020/10/05 v2.5k e-TeX tools for LaTeX (JAW)
\etb@tempcnta=\count267
) (/usr/share/texlive/texmf-dist/tex/latex/xcolor/xcolor.sty
Package: xcolor 2023/11/15 v3.01 LaTeX color extensions (UK)
 (/usr/share/texlive/texmf-dist/tex/latex/graphics-cfg/color.cfg
File: color.cfg 2016/01/02 v1.6 sample color configuration
)
Package xcolor Info: Driver file: pdftex.def on input line 274.
 (/usr/share/texlive/texmf-dist/tex/latex/graphics/mathcolor.ltx)
Package xcolor Info: Model `cmy' substituted by `cmy0' on input line 1350.
Package xcolor Info: Model `hsb' substituted by `rgb' on input line 1354.
Package xcolor Info: Model `RGB' extended on input line 1366.
Package xcolor Info: Model `HTML' substituted by `rgb' on input line 1368.
Package xcolor Info: Model `Hsb' substituted by `hsb' on input line 1369.
Package xcolor Info: Model `tHsb' substituted by `hsb' on input line 1370.
Package xcolor Info: Model `HSB' substituted by `hsb' on input line 1371.
Package xcolor Info: Model `Gray' substituted by `gray' on input line 1372.
Package xcolor Info: Model `wave' substituted by `hsb' on input line 1373.
) (/usr/share/texlive/texmf-dist/tex/latex/l3backend/l3backend-pdftex.def
File: l3backend-pdftex.def 2024-01-04 L3 backend support: PDF output (pdfTeX)
\l__color_backend_stack_int=\count268
\l__pdf_internal_box=\box51
) (./main.aux (./chapters/chapter1.aux) (./chapters/chapter2.aux) (./chapters/chapter3.aux))
\openout1 = `main.aux'.

LaTeX Font Info:    Checking defaults for OML/cmm/m/it on input line 10.
LaTeX Font Info:    ... okay on input line 10.
LaTeX Font Info:    Checking defaults for OMS/cmsy/m/n on input line 10.
LaTeX Font Info:    ... okay on input line 10.
LaTeX Font Info:    Checking defaults for OT1/cmr/m/n on input line 10.
LaTeX Font Info:    ... okay on input line 10.
LaTeX Font Info:    Checking defaults for T1/cmr/m/n on input line 10.
LaTeX Font Info:    ... okay on input line 10.
LaTeX Font Info:    Checking defaults for TS1/cmr/m/n on input line 10.
LaTeX Font Info:    ... okay on input line 10.
LaTeX Font Info:    Checking defaults for OMX/cmex/m/n on input line 10.
LaTeX Font Info:    ... okay on input line 10.
LaTeX Font Info:    Checking defaults for U/cmr/m/n on input line 10.
LaTeX Font Info:    ... okay on input line 10.
 (/usr/share/texlive/texmf-dist/tex/context/base/mkii/supp-pdf.mkii
[Loading MPS to PDF converter (version 2006.09.02).]
\scratchcounter=\count269
\scratchdimen=\dimen144
\scratchbox=\box52
\nofMPsegments=\count270
\nofMParguments=\count271
\everyMPshowfont=\toks18
\MPscratchCnt=\count272
\MPscratchDim=\dimen145
\MPnumerator=\count273
\makeMPintoPDFobject=\count274
\everyMPtoPDFconversion=\toks19
) (/usr/share/texlive/texmf-dist/tex/latex/epstopdf-pkg/epstopdf-base.sty
Package: epstopdf-base 2020-01-24 v2.11 Base part for package epstopdf
Package epstopdf-base Info: Redefining graphics rule for `.eps' on input line 485.
 (/usr/share/texlive/texmf-dist/tex/latex/latexconfig/epstopdf-sys.cfg
File: epstopdf-sys.cfg 2010/07/13 v1.3 Configuration of (r)epstopdf for TeX Live
))
LaTeX Info: Redefining \it@ocap on input line 10.
LaTeX Info: Redefining \it@ccap on input line 10.


File italian.ldf warning: 
italian.ldf    With OT1 encoding guillemets are poorly faked
italian.ldf    Use T1 encoding
italian.ldf    or specify a font with command \CaporaliFrom
italian.ldf    See the documentation concerning the babel-italian typesetting
italian.ldf    on input line 10.

LaTeX Font Info:    External font `cmex10' loaded for size
(Font)              <12> on input line 12.
LaTeX Font Info:    External font `cmex10' loaded for size
(Font)              <8> on input line 12.
LaTeX Font Info:    External font `cmex10' loaded for size
(Font)              <6> on input line 12.
[1

{/var/lib/texmf/fonts/map/pdftex/updmap/pdftex.map}] (./main.toc
LaTeX Font Info:    External font `cmex10' loaded for size
(Font)              <7> on input line 4.
LaTeX Font Info:    External font `cmex10' loaded for size
(Font)              <5> on input line 4.
)
\tf@toc=\write3
\openout3 = `main.toc'.

 [1

]
\openout2 = `chapters/chapter1.aux'.

 (./chapters/chapter1.tex
Capitolo 1.
<images/astrazioni.png, id=14, 928.46875pt x 392.46625pt>
File: images/astrazioni.png Graphic file (type png)
<use images/astrazioni.png>
Package pdftex.def Info: images/astrazioni.png  used on input line 15.
(pdftex.def)             Requested size: 258.75pt x 109.37477pt.
[2


 <./images/astrazioni.png>] [3]
<images/linux-userspace.png, id=24, 642.4pt x 361.35pt>
File: images/linux-userspace.png Graphic file (type png)
<use images/linux-userspace.png>
Package pdftex.def Info: images/linux-userspace.png  used on input line 106.
(pdftex.def)             Requested size: 258.75pt x 145.55197pt.
 [4{/usr/share/texmf/fonts/enc/dvips/cm-super/cm-super-ts1.enc} <./images/linux-userspace.png>]
<images/example-1.png, id=30, 361.35pt x 293.095pt>
File: images/example-1.png Graphic file (type png)
<use images/example-1.png>
Package pdftex.def Info: images/example-1.png  used on input line 124.
(pdftex.def)             Requested size: 224.2479pt x 181.89143pt.
<images/example-2.png, id=31, 361.35pt x 98.3675pt>
File: images/example-2.png Graphic file (type png)
<use images/example-2.png>
Package pdftex.def Info: images/example-2.png  used on input line 133.
(pdftex.def)             Requested size: 258.75pt x 70.43727pt.
 [5 <./images/example-1.png> <./images/example-2.png>]
<images/example-3.png, id=38, 794.97pt x 308.15125pt>
File: images/example-3.png Graphic file (type png)
<use images/example-3.png>
Package pdftex.def Info: images/example-3.png  used on input line 154.
(pdftex.def)             Requested size: 345.0pt x 133.73438pt.
<images/rappr-interi.png, id=39, 915.42pt x 196.735pt>
File: images/rappr-interi.png Graphic file (type png)
<use images/rappr-interi.png>
Package pdftex.def Info: images/rappr-interi.png  used on input line 182.
(pdftex.def)             Requested size: 258.75pt x 55.60774pt.
 [6 <./images/example-3.png> <./images/rappr-interi.png>]) [7]
\openout2 = `chapters/chapter2.aux'.

 (./chapters/chapter2.tex
Capitolo 2.
<images/reverse.png, id=53, 993.7125pt x 187.70125pt>
File: images/reverse.png Graphic file (type png)
<use images/reverse.png>
Package pdftex.def Info: images/reverse.png  used on input line 22.
(pdftex.def)             Requested size: 258.75pt x 48.87563pt.
[8




 <./images/reverse.png>]
<images/program-life.png, id=58, 765.86125pt x 428.60126pt>
File: images/program-life.png Graphic file (type png)
<use images/program-life.png>
Package pdftex.def Info: images/program-life.png  used on input line 63.
(pdftex.def)             Requested size: 258.75pt x 144.8069pt.
 [9 <./images/program-life.png>] [10]
<images/registri.png, id=66, 634.37pt x 296.10625pt>
File: images/registri.png Graphic file (type png)
<use images/registri.png>
Package pdftex.def Info: images/registri.png  used on input line 169.
(pdftex.def)             Requested size: 258.75pt x 120.78082pt.
 [11] [12 <./images/registri.png>]
<images/static-ghidra1.png, id=75, 634.37pt x 481.8pt>
File: images/static-ghidra1.png Graphic file (type png)
<use images/static-ghidra1.png>
Package pdftex.def Info: images/static-ghidra1.png  used on input line 227.
(pdftex.def)             Requested size: 345.0pt x 262.03545pt.
<images/static-ghidra2.png, id=76, 327.2225pt x 413.545pt>
File: images/static-ghidra2.png Graphic file (type png)
<use images/static-ghidra2.png>
Package pdftex.def Info: images/static-ghidra2.png  used on input line 238.
(pdftex.def)             Requested size: 172.5pt x 218.0041pt.
) [13] [14 <./images/static-ghidra1.png> <./images/static-ghidra2.png>]
\openout2 = `chapters/chapter3.aux'.

 (./chapters/chapter3.tex
Capitolo 3.
<images/codeex.png, id=85, 799.98875pt x 272.01625pt>
File: images/codeex.png Graphic file (type png)
<use images/codeex.png>
Package pdftex.def Info: images/codeex.png  used on input line 19.
(pdftex.def)             Requested size: 172.5pt x 58.65253pt.
[15




 <./images/codeex.png>]
<images/out-bounds1.png, id=90, 719.68875pt x 401.5pt>
File: images/out-bounds1.png Graphic file (type png)
<use images/out-bounds1.png>
Package pdftex.def Info: images/out-bounds1.png  used on input line 66.
(pdftex.def)             Requested size: 258.75pt x 144.3561pt.
<images/out-bounds2.png, id=91, 1048.91875pt x 429.605pt>
File: images/out-bounds2.png Graphic file (type png)
<use images/out-bounds2.png>
Package pdftex.def Info: images/out-bounds2.png  used on input line 77.
(pdftex.def)             Requested size: 345.0pt x 141.2981pt.
 [16 <./images/out-bounds1.png>] [17 <./images/out-bounds2.png>]
<images/primo-of.png, id=100, 579.16376pt x 409.53pt>
File: images/primo-of.png Graphic file (type png)
<use images/primo-of.png>
Package pdftex.def Info: images/primo-of.png  used on input line 118.
(pdftex.def)             Requested size: 258.75pt x 182.96202pt.
<images/primo-of2.png, id=101, 518.93875pt x 364.36125pt>
File: images/primo-of2.png Graphic file (type png)
<use images/primo-of2.png>
Package pdftex.def Info: images/primo-of2.png  used on input line 139.
(pdftex.def)             Requested size: 258.75pt x 181.68535pt.
) [18 <./images/primo-of.png>] [19 <./images/primo-of2.png>] (./main.aux (./chapters/chapter1.aux) (./chapters/chapter2.aux) (./chapters/chapter3.aux))
 ***********
LaTeX2e <2023-11-01> patch level 1
L3 programming layer <2024-01-22>
 ***********
 ) 
Here is how much of TeX's memory you used:
 3474 strings out of 474222
 58222 string characters out of 5748733
 1931975 words of memory out of 5000000
 25704 multiletter control sequences out of 15000+600000
 564744 words of font info for 58 fonts, out of 8000000 for 9000
 1141 hyphenation exceptions out of 8191
 57i,6n,65p,281b,231s stack positions out of 10000i,1000n,20000p,200000b,200000s
</usr/share/texlive/texmf-dist/fonts/type1/public/amsfonts/cm/cmbx10.pfb></usr/share/texlive/texmf-dist/fonts/type1/public/amsfonts/cm/cmbx12.pfb></usr/share/texlive/texmf-dist/fonts/type1/public/amsfonts/cm/cmbxti10.pfb></usr/share/texlive/texmf-dist/fonts/type1/public/amsfonts/cm/cmmi10.pfb></usr/share/texlive/texmf-dist/fonts/type1/public/amsfonts/cm/cmr10.pfb></usr/share/texlive/texmf-dist/fonts/type1/public/amsfonts/cm/cmr12.pfb></usr/share/texlive/texmf-dist/fonts/type1/public/amsfonts/cm/cmr17.pfb></usr/share/texlive/texmf-dist/fonts/type1/public/amsfonts/cm/cmr7.pfb></usr/share/texlive/texmf-dist/fonts/type1/public/amsfonts/cm/cmsy10.pfb></usr/share/texlive/texmf-dist/fonts/type1/public/amsfonts/cm/cmti10.pfb></usr/share/texlive/texmf-dist/fonts/type1/public/amsfonts/cm/cmtt10.pfb></usr/share/texmf/fonts/type1/public/cm-super/sfrm1000.pfb>
Output written on main.pdf (20 pages, 1225430 bytes).
PDF statistics:
 163 PDF objects out of 1000 (max. 8388607)
 84 compressed objects within 1 object stream
 0 named destinations out of 1000 (max. 500000)
 81 words of extra memory for PDF output out of 10000 (max. 10000000)

